<?xml version="1.0" encoding="UTF-8"?>
<coverage generated="1453505130">
  <project timestamp="1453505130">
    <file name="/Users/tesladethray/Pantheon/cli/php/Terminus.php">
      <class name="Terminus" namespace="global">
        <metrics methods="17" coveredmethods="5" conditionals="0" coveredconditionals="0" statements="136" coveredstatements="23" elements="153" coveredelements="28"/>
      </class>
      <line num="38" type="method" name="__construct" crap="2" count="0"/>
      <line num="40" type="stmt" count="0"/>
      <line num="41" type="stmt" count="0"/>
      <line num="42" type="stmt" count="0"/>
      <line num="43" type="stmt" count="0"/>
      <line num="44" type="stmt" count="0"/>
      <line num="45" type="stmt" count="0"/>
      <line num="46" type="stmt" count="0"/>
      <line num="48" type="stmt" count="0"/>
      <line num="49" type="stmt" count="0"/>
      <line num="50" type="stmt" count="0"/>
      <line num="51" type="stmt" count="0"/>
      <line num="61" type="method" name="addCommand" crap="7.46" count="1"/>
      <line num="62" type="stmt" count="1"/>
      <line num="63" type="stmt" count="1"/>
      <line num="64" type="stmt" count="1"/>
      <line num="65" type="stmt" count="1"/>
      <line num="67" type="stmt" count="1"/>
      <line num="68" type="stmt" count="0"/>
      <line num="69" type="stmt" count="0"/>
      <line num="71" type="stmt" count="0"/>
      <line num="72" type="stmt" count="0"/>
      <line num="73" type="stmt" count="0"/>
      <line num="74" type="stmt" count="0"/>
      <line num="75" type="stmt" count="0"/>
      <line num="76" type="stmt" count="0"/>
      <line num="77" type="stmt" count="0"/>
      <line num="78" type="stmt" count="0"/>
      <line num="79" type="stmt" count="0"/>
      <line num="80" type="stmt" count="0"/>
      <line num="82" type="stmt" count="1"/>
      <line num="83" type="stmt" count="1"/>
      <line num="84" type="stmt" count="1"/>
      <line num="86" type="stmt" count="1"/>
      <line num="88" type="stmt" count="1"/>
      <line num="89" type="stmt" count="0"/>
      <line num="90" type="stmt" count="0"/>
      <line num="91" type="stmt" count="0"/>
      <line num="92" type="stmt" count="0"/>
      <line num="93" type="stmt" count="0"/>
      <line num="94" type="stmt" count="0"/>
      <line num="96" type="stmt" count="1"/>
      <line num="97" type="stmt" count="1"/>
      <line num="104" type="method" name="getCache" crap="20" count="0"/>
      <line num="105" type="stmt" count="0"/>
      <line num="107" type="stmt" count="0"/>
      <line num="108" type="stmt" count="0"/>
      <line num="109" type="stmt" count="0"/>
      <line num="111" type="stmt" count="0"/>
      <line num="112" type="stmt" count="0"/>
      <line num="113" type="stmt" count="0"/>
      <line num="114" type="stmt" count="0"/>
      <line num="115" type="stmt" count="0"/>
      <line num="116" type="stmt" count="0"/>
      <line num="119" type="stmt" count="0"/>
      <line num="120" type="stmt" count="0"/>
      <line num="121" type="stmt" count="0"/>
      <line num="123" type="stmt" count="0"/>
      <line num="132" type="method" name="getConfig" crap="12" count="0"/>
      <line num="133" type="stmt" count="0"/>
      <line num="134" type="stmt" count="0"/>
      <line num="135" type="stmt" count="0"/>
      <line num="136" type="stmt" count="0"/>
      <line num="137" type="stmt" count="0"/>
      <line num="138" type="stmt" count="0"/>
      <line num="139" type="stmt" count="0"/>
      <line num="140" type="stmt" count="0"/>
      <line num="141" type="stmt" count="0"/>
      <line num="142" type="stmt" count="0"/>
      <line num="150" type="method" name="getLogger" crap="1" count="6"/>
      <line num="151" type="stmt" count="6"/>
      <line num="159" type="method" name="getOutputter" crap="1" count="1"/>
      <line num="160" type="stmt" count="1"/>
      <line num="168" type="method" name="getPhpBinary" crap="20" count="0"/>
      <line num="169" type="stmt" count="0"/>
      <line num="170" type="stmt" count="0"/>
      <line num="171" type="stmt" count="0"/>
      <line num="172" type="stmt" count="0"/>
      <line num="173" type="stmt" count="0"/>
      <line num="174" type="stmt" count="0"/>
      <line num="175" type="stmt" count="0"/>
      <line num="176" type="stmt" count="0"/>
      <line num="178" type="stmt" count="0"/>
      <line num="186" type="method" name="getRootCommand" crap="2" count="1"/>
      <line num="187" type="stmt" count="1"/>
      <line num="189" type="stmt" count="1"/>
      <line num="190" type="stmt" count="1"/>
      <line num="191" type="stmt" count="1"/>
      <line num="193" type="stmt" count="1"/>
      <line num="201" type="method" name="getRunner" crap="1" count="1"/>
      <line num="202" type="stmt" count="1"/>
      <line num="210" type="method" name="isTest" crap="2" count="1"/>
      <line num="211" type="stmt" count="1"/>
      <line num="212" type="stmt" count="1"/>
      <line num="213" type="stmt" count="1"/>
      <line num="223" type="method" name="launch" crap="20" count="0"/>
      <line num="224" type="stmt" count="0"/>
      <line num="225" type="stmt" count="0"/>
      <line num="226" type="stmt" count="0"/>
      <line num="227" type="stmt" count="0"/>
      <line num="229" type="stmt" count="0"/>
      <line num="230" type="stmt" count="0"/>
      <line num="233" type="stmt" count="0"/>
      <line num="246" type="method" name="launchSelf" crap="20" count="0"/>
      <line num="253" type="stmt" count="0"/>
      <line num="254" type="stmt" count="0"/>
      <line num="255" type="stmt" count="0"/>
      <line num="256" type="stmt" count="0"/>
      <line num="257" type="stmt" count="0"/>
      <line num="259" type="stmt" count="0"/>
      <line num="260" type="stmt" count="0"/>
      <line num="261" type="stmt" count="0"/>
      <line num="262" type="stmt" count="0"/>
      <line num="263" type="stmt" count="0"/>
      <line num="264" type="stmt" count="0"/>
      <line num="265" type="stmt" count="0"/>
      <line num="266" type="stmt" count="0"/>
      <line num="267" type="stmt" count="0"/>
      <line num="270" type="stmt" count="0"/>
      <line num="271" type="stmt" count="0"/>
      <line num="272" type="stmt" count="0"/>
      <line num="273" type="stmt" count="0"/>
      <line num="274" type="stmt" count="0"/>
      <line num="275" type="stmt" count="0"/>
      <line num="276" type="stmt" count="0"/>
      <line num="277" type="stmt" count="0"/>
      <line num="287" type="method" name="runCommand" crap="2" count="0"/>
      <line num="288" type="stmt" count="0"/>
      <line num="289" type="stmt" count="0"/>
      <line num="298" type="method" name="setConfig" crap="2" count="0"/>
      <line num="300" type="stmt" count="0"/>
      <line num="301" type="stmt" count="0"/>
      <line num="302" type="stmt" count="0"/>
      <line num="311" type="method" name="setLogger" crap="2" count="0"/>
      <line num="312" type="stmt" count="0"/>
      <line num="313" type="stmt" count="0"/>
      <line num="321" type="method" name="setOutputter" crap="12" count="0"/>
      <line num="323" type="stmt" count="0"/>
      <line num="324" type="stmt" count="0"/>
      <line num="325" type="stmt" count="0"/>
      <line num="326" type="stmt" count="0"/>
      <line num="327" type="stmt" count="0"/>
      <line num="328" type="stmt" count="0"/>
      <line num="332" type="stmt" count="0"/>
      <line num="333" type="stmt" count="0"/>
      <line num="335" type="stmt" count="0"/>
      <line num="336" type="stmt" count="0"/>
      <line num="344" type="method" name="setRunner" crap="6" count="0"/>
      <line num="345" type="stmt" count="0"/>
      <line num="346" type="stmt" count="0"/>
      <line num="347" type="stmt" count="0"/>
      <line num="348" type="stmt" count="0"/>
      <line num="350" type="stmt" count="0"/>
      <metrics loc="359" ncloc="229" classes="1" methods="17" coveredmethods="5" conditionals="0" coveredconditionals="0" statements="136" coveredstatements="23" elements="153" coveredelements="28"/>
    </file>
    <package name="Terminus\Commands">
      <file name="/Users/tesladethray/Pantheon/cli/php/Terminus/Commands/SiteCommand.php">
        <class name="SiteCommand" namespace="Terminus\Commands">
          <metrics methods="46" coveredmethods="0" conditionals="0" coveredconditionals="0" statements="1243" coveredstatements="1" elements="1289" coveredelements="1"/>
        </class>
        <line num="24" type="method" name="__construct" crap="2" count="0"/>
        <line num="25" type="stmt" count="0"/>
        <line num="26" type="stmt" count="0"/>
        <line num="27" type="stmt" count="0"/>
        <line num="28" type="stmt" count="0"/>
        <line num="75" type="method" name="backups" crap="66.19" count="1"/>
        <line num="76" type="stmt" count="0"/>
        <line num="79" type="stmt" count="0"/>
        <line num="80" type="stmt" count="0"/>
        <line num="81" type="stmt" count="0"/>
        <line num="82" type="stmt" count="1"/>
        <line num="83" type="stmt" count="0"/>
        <line num="84" type="stmt" count="0"/>
        <line num="85" type="stmt" count="0"/>
        <line num="86" type="stmt" count="0"/>
        <line num="87" type="stmt" count="0"/>
        <line num="88" type="stmt" count="0"/>
        <line num="89" type="stmt" count="0"/>
        <line num="90" type="stmt" count="0"/>
        <line num="91" type="stmt" count="0"/>
        <line num="92" type="stmt" count="0"/>
        <line num="93" type="stmt" count="0"/>
        <line num="94" type="stmt" count="0"/>
        <line num="95" type="stmt" count="0"/>
        <line num="96" type="stmt" count="0"/>
        <line num="97" type="stmt" count="0"/>
        <line num="98" type="stmt" count="0"/>
        <line num="99" type="stmt" count="0"/>
        <line num="100" type="stmt" count="0"/>
        <line num="101" type="stmt" count="0"/>
        <line num="102" type="stmt" count="0"/>
        <line num="103" type="stmt" count="0"/>
        <line num="104" type="stmt" count="0"/>
        <line num="105" type="stmt" count="0"/>
        <line num="106" type="stmt" count="0"/>
        <line num="107" type="stmt" count="0"/>
        <line num="109" type="stmt" count="0"/>
        <line num="110" type="stmt" count="0"/>
        <line num="128" type="method" name="clearCache" crap="2" count="0"/>
        <line num="129" type="stmt" count="0"/>
        <line num="130" type="stmt" count="0"/>
        <line num="131" type="stmt" count="0"/>
        <line num="132" type="stmt" count="0"/>
        <line num="133" type="stmt" count="0"/>
        <line num="134" type="stmt" count="0"/>
        <line num="135" type="stmt" count="0"/>
        <line num="136" type="stmt" count="0"/>
        <line num="137" type="stmt" count="0"/>
        <line num="138" type="stmt" count="0"/>
        <line num="139" type="stmt" count="0"/>
        <line num="164" type="method" name="cloneContent" crap="90" count="0"/>
        <line num="165" type="stmt" count="0"/>
        <line num="166" type="stmt" count="0"/>
        <line num="167" type="stmt" count="0"/>
        <line num="168" type="stmt" count="0"/>
        <line num="169" type="stmt" count="0"/>
        <line num="171" type="stmt" count="0"/>
        <line num="172" type="stmt" count="0"/>
        <line num="173" type="stmt" count="0"/>
        <line num="174" type="stmt" count="0"/>
        <line num="176" type="stmt" count="0"/>
        <line num="177" type="stmt" count="0"/>
        <line num="178" type="stmt" count="0"/>
        <line num="180" type="stmt" count="0"/>
        <line num="181" type="stmt" count="0"/>
        <line num="182" type="stmt" count="0"/>
        <line num="183" type="stmt" count="0"/>
        <line num="185" type="stmt" count="0"/>
        <line num="187" type="stmt" count="0"/>
        <line num="188" type="stmt" count="0"/>
        <line num="189" type="stmt" count="0"/>
        <line num="190" type="stmt" count="0"/>
        <line num="191" type="stmt" count="0"/>
        <line num="193" type="stmt" count="0"/>
        <line num="194" type="stmt" count="0"/>
        <line num="195" type="stmt" count="0"/>
        <line num="196" type="stmt" count="0"/>
        <line num="197" type="stmt" count="0"/>
        <line num="198" type="stmt" count="0"/>
        <line num="199" type="stmt" count="0"/>
        <line num="200" type="stmt" count="0"/>
        <line num="201" type="stmt" count="0"/>
        <line num="203" type="stmt" count="0"/>
        <line num="205" type="stmt" count="0"/>
        <line num="206" type="stmt" count="0"/>
        <line num="208" type="stmt" count="0"/>
        <line num="209" type="stmt" count="0"/>
        <line num="210" type="stmt" count="0"/>
        <line num="212" type="stmt" count="0"/>
        <line num="213" type="stmt" count="0"/>
        <line num="214" type="stmt" count="0"/>
        <line num="215" type="stmt" count="0"/>
        <line num="216" type="stmt" count="0"/>
        <line num="217" type="stmt" count="0"/>
        <line num="219" type="stmt" count="0"/>
        <line num="220" type="stmt" count="0"/>
        <line num="221" type="stmt" count="0"/>
        <line num="222" type="stmt" count="0"/>
        <line num="223" type="stmt" count="0"/>
        <line num="225" type="stmt" count="0"/>
        <line num="226" type="stmt" count="0"/>
        <line num="227" type="stmt" count="0"/>
        <line num="228" type="stmt" count="0"/>
        <line num="229" type="stmt" count="0"/>
        <line num="230" type="stmt" count="0"/>
        <line num="231" type="stmt" count="0"/>
        <line num="232" type="stmt" count="0"/>
        <line num="233" type="stmt" count="0"/>
        <line num="253" type="method" name="code" crap="182" count="0"/>
        <line num="254" type="stmt" count="0"/>
        <line num="255" type="stmt" count="0"/>
        <line num="256" type="stmt" count="0"/>
        <line num="257" type="stmt" count="0"/>
        <line num="258" type="stmt" count="0"/>
        <line num="259" type="stmt" count="0"/>
        <line num="260" type="stmt" count="0"/>
        <line num="261" type="stmt" count="0"/>
        <line num="263" type="stmt" count="0"/>
        <line num="264" type="stmt" count="0"/>
        <line num="265" type="stmt" count="0"/>
        <line num="266" type="stmt" count="0"/>
        <line num="267" type="stmt" count="0"/>
        <line num="268" type="stmt" count="0"/>
        <line num="269" type="stmt" count="0"/>
        <line num="270" type="stmt" count="0"/>
        <line num="271" type="stmt" count="0"/>
        <line num="272" type="stmt" count="0"/>
        <line num="273" type="stmt" count="0"/>
        <line num="274" type="stmt" count="0"/>
        <line num="275" type="stmt" count="0"/>
        <line num="276" type="stmt" count="0"/>
        <line num="277" type="stmt" count="0"/>
        <line num="278" type="stmt" count="0"/>
        <line num="280" type="stmt" count="0"/>
        <line num="281" type="stmt" count="0"/>
        <line num="282" type="stmt" count="0"/>
        <line num="283" type="stmt" count="0"/>
        <line num="284" type="stmt" count="0"/>
        <line num="285" type="stmt" count="0"/>
        <line num="286" type="stmt" count="0"/>
        <line num="287" type="stmt" count="0"/>
        <line num="288" type="stmt" count="0"/>
        <line num="289" type="stmt" count="0"/>
        <line num="290" type="stmt" count="0"/>
        <line num="291" type="stmt" count="0"/>
        <line num="292" type="stmt" count="0"/>
        <line num="293" type="stmt" count="0"/>
        <line num="294" type="stmt" count="0"/>
        <line num="296" type="stmt" count="0"/>
        <line num="297" type="stmt" count="0"/>
        <line num="298" type="stmt" count="0"/>
        <line num="300" type="stmt" count="0"/>
        <line num="301" type="stmt" count="0"/>
        <line num="302" type="stmt" count="0"/>
        <line num="303" type="stmt" count="0"/>
        <line num="304" type="stmt" count="0"/>
        <line num="305" type="stmt" count="0"/>
        <line num="307" type="stmt" count="0"/>
        <line num="308" type="stmt" count="0"/>
        <line num="309" type="stmt" count="0"/>
        <line num="310" type="stmt" count="0"/>
        <line num="311" type="stmt" count="0"/>
        <line num="313" type="stmt" count="0"/>
        <line num="314" type="stmt" count="0"/>
        <line num="315" type="stmt" count="0"/>
        <line num="316" type="stmt" count="0"/>
        <line num="317" type="stmt" count="0"/>
        <line num="318" type="stmt" count="0"/>
        <line num="319" type="stmt" count="0"/>
        <line num="320" type="stmt" count="0"/>
        <line num="321" type="stmt" count="0"/>
        <line num="322" type="stmt" count="0"/>
        <line num="323" type="stmt" count="0"/>
        <line num="325" type="stmt" count="0"/>
        <line num="326" type="stmt" count="0"/>
        <line num="327" type="stmt" count="0"/>
        <line num="328" type="stmt" count="0"/>
        <line num="331" type="stmt" count="0"/>
        <line num="332" type="stmt" count="0"/>
        <line num="333" type="stmt" count="0"/>
        <line num="334" type="stmt" count="0"/>
        <line num="354" type="method" name="connectionInfo" crap="6" count="0"/>
        <line num="355" type="stmt" count="0"/>
        <line num="356" type="stmt" count="0"/>
        <line num="357" type="stmt" count="0"/>
        <line num="358" type="stmt" count="0"/>
        <line num="359" type="stmt" count="0"/>
        <line num="360" type="stmt" count="0"/>
        <line num="362" type="stmt" count="0"/>
        <line num="363" type="stmt" count="0"/>
        <line num="364" type="stmt" count="0"/>
        <line num="365" type="stmt" count="0"/>
        <line num="366" type="stmt" count="0"/>
        <line num="368" type="stmt" count="0"/>
        <line num="386" type="method" name="createEnv" crap="12" count="0"/>
        <line num="387" type="stmt" count="0"/>
        <line num="389" type="stmt" count="0"/>
        <line num="390" type="stmt" count="0"/>
        <line num="391" type="stmt" count="0"/>
        <line num="392" type="stmt" count="0"/>
        <line num="393" type="stmt" count="0"/>
        <line num="394" type="stmt" count="0"/>
        <line num="395" type="stmt" count="0"/>
        <line num="398" type="stmt" count="0"/>
        <line num="399" type="stmt" count="0"/>
        <line num="401" type="stmt" count="0"/>
        <line num="402" type="stmt" count="0"/>
        <line num="403" type="stmt" count="0"/>
        <line num="404" type="stmt" count="0"/>
        <line num="406" type="stmt" count="0"/>
        <line num="407" type="stmt" count="0"/>
        <line num="409" type="stmt" count="0"/>
        <line num="410" type="stmt" count="0"/>
        <line num="411" type="stmt" count="0"/>
        <line num="412" type="stmt" count="0"/>
        <line num="413" type="stmt" count="0"/>
        <line num="415" type="stmt" count="0"/>
        <line num="417" type="stmt" count="0"/>
        <line num="435" type="method" name="dashboard" crap="56" count="0"/>
        <line num="436" type="stmt" count="0"/>
        <line num="437" type="stmt" count="0"/>
        <line num="438" type="stmt" count="0"/>
        <line num="439" type="stmt" count="0"/>
        <line num="440" type="stmt" count="0"/>
        <line num="441" type="stmt" count="0"/>
        <line num="442" type="stmt" count="0"/>
        <line num="443" type="stmt" count="0"/>
        <line num="444" type="stmt" count="0"/>
        <line num="445" type="stmt" count="0"/>
        <line num="446" type="stmt" count="0"/>
        <line num="447" type="stmt" count="0"/>
        <line num="448" type="stmt" count="0"/>
        <line num="449" type="stmt" count="0"/>
        <line num="450" type="stmt" count="0"/>
        <line num="451" type="stmt" count="0"/>
        <line num="452" type="stmt" count="0"/>
        <line num="453" type="stmt" count="0"/>
        <line num="454" type="stmt" count="0"/>
        <line num="456" type="stmt" count="0"/>
        <line num="457" type="stmt" count="0"/>
        <line num="458" type="stmt" count="0"/>
        <line num="459" type="stmt" count="0"/>
        <line num="460" type="stmt" count="0"/>
        <line num="461" type="stmt" count="0"/>
        <line num="462" type="stmt" count="0"/>
        <line num="463" type="stmt" count="0"/>
        <line num="465" type="stmt" count="0"/>
        <line num="477" type="method" name="delete" crap="12" count="0"/>
        <line num="478" type="stmt" count="0"/>
        <line num="480" type="stmt" count="0"/>
        <line num="482" type="stmt" count="0"/>
        <line num="484" type="stmt" count="0"/>
        <line num="485" type="stmt" count="0"/>
        <line num="486" type="stmt" count="0"/>
        <line num="487" type="stmt" count="0"/>
        <line num="488" type="stmt" count="0"/>
        <line num="489" type="stmt" count="0"/>
        <line num="490" type="stmt" count="0"/>
        <line num="491" type="stmt" count="0"/>
        <line num="492" type="stmt" count="0"/>
        <line num="493" type="stmt" count="0"/>
        <line num="494" type="stmt" count="0"/>
        <line num="495" type="stmt" count="0"/>
        <line num="497" type="stmt" count="0"/>
        <line num="498" type="stmt" count="0"/>
        <line num="513" type="method" name="deleteBranch" crap="2" count="0"/>
        <line num="514" type="stmt" count="0"/>
        <line num="515" type="stmt" count="0"/>
        <line num="516" type="stmt" count="0"/>
        <line num="517" type="stmt" count="0"/>
        <line num="518" type="stmt" count="0"/>
        <line num="519" type="stmt" count="0"/>
        <line num="520" type="stmt" count="0"/>
        <line num="521" type="stmt" count="0"/>
        <line num="523" type="stmt" count="0"/>
        <line num="524" type="stmt" count="0"/>
        <line num="525" type="stmt" count="0"/>
        <line num="526" type="stmt" count="0"/>
        <line num="528" type="stmt" count="0"/>
        <line num="530" type="stmt" count="0"/>
        <line num="531" type="stmt" count="0"/>
        <line num="533" type="stmt" count="0"/>
        <line num="534" type="stmt" count="0"/>
        <line num="536" type="stmt" count="0"/>
        <line num="538" type="stmt" count="0"/>
        <line num="539" type="stmt" count="0"/>
        <line num="540" type="stmt" count="0"/>
        <line num="541" type="stmt" count="0"/>
        <line num="559" type="method" name="deleteEnv" crap="6" count="0"/>
        <line num="560" type="stmt" count="0"/>
        <line num="561" type="stmt" count="0"/>
        <line num="562" type="stmt" count="0"/>
        <line num="563" type="stmt" count="0"/>
        <line num="564" type="stmt" count="0"/>
        <line num="565" type="stmt" count="0"/>
        <line num="566" type="stmt" count="0"/>
        <line num="567" type="stmt" count="0"/>
        <line num="569" type="stmt" count="0"/>
        <line num="570" type="stmt" count="0"/>
        <line num="572" type="stmt" count="0"/>
        <line num="573" type="stmt" count="0"/>
        <line num="574" type="stmt" count="0"/>
        <line num="575" type="stmt" count="0"/>
        <line num="576" type="stmt" count="0"/>
        <line num="577" type="stmt" count="0"/>
        <line num="579" type="stmt" count="0"/>
        <line num="580" type="stmt" count="0"/>
        <line num="582" type="stmt" count="0"/>
        <line num="583" type="stmt" count="0"/>
        <line num="585" type="stmt" count="0"/>
        <line num="587" type="stmt" count="0"/>
        <line num="588" type="stmt" count="0"/>
        <line num="589" type="stmt" count="0"/>
        <line num="590" type="stmt" count="0"/>
        <line num="616" type="method" name="deploy" crap="42" count="0"/>
        <line num="617" type="stmt" count="0"/>
        <line num="618" type="stmt" count="0"/>
        <line num="619" type="stmt" count="0"/>
        <line num="621" type="stmt" count="0"/>
        <line num="622" type="stmt" count="0"/>
        <line num="623" type="stmt" count="0"/>
        <line num="625" type="stmt" count="0"/>
        <line num="626" type="stmt" count="0"/>
        <line num="628" type="stmt" count="0"/>
        <line num="629" type="stmt" count="0"/>
        <line num="630" type="stmt" count="0"/>
        <line num="633" type="stmt" count="0"/>
        <line num="634" type="stmt" count="0"/>
        <line num="635" type="stmt" count="0"/>
        <line num="637" type="stmt" count="0"/>
        <line num="638" type="stmt" count="0"/>
        <line num="640" type="stmt" count="0"/>
        <line num="641" type="stmt" count="0"/>
        <line num="643" type="stmt" count="0"/>
        <line num="644" type="stmt" count="0"/>
        <line num="645" type="stmt" count="0"/>
        <line num="648" type="stmt" count="0"/>
        <line num="649" type="stmt" count="0"/>
        <line num="652" type="stmt" count="0"/>
        <line num="653" type="stmt" count="0"/>
        <line num="654" type="stmt" count="0"/>
        <line num="655" type="stmt" count="0"/>
        <line num="657" type="stmt" count="0"/>
        <line num="658" type="stmt" count="0"/>
        <line num="659" type="stmt" count="0"/>
        <line num="660" type="stmt" count="0"/>
        <line num="662" type="stmt" count="0"/>
        <line num="663" type="stmt" count="0"/>
        <line num="664" type="stmt" count="0"/>
        <line num="665" type="stmt" count="0"/>
        <line num="683" type="method" name="environmentInfo" crap="6" count="0"/>
        <line num="684" type="stmt" count="0"/>
        <line num="685" type="stmt" count="0"/>
        <line num="686" type="stmt" count="0"/>
        <line num="687" type="stmt" count="0"/>
        <line num="689" type="stmt" count="0"/>
        <line num="690" type="stmt" count="0"/>
        <line num="691" type="stmt" count="0"/>
        <line num="692" type="stmt" count="0"/>
        <line num="693" type="stmt" count="0"/>
        <line num="695" type="stmt" count="0"/>
        <line num="706" type="method" name="environments" crap="30" count="0"/>
        <line num="707" type="stmt" count="0"/>
        <line num="708" type="stmt" count="0"/>
        <line num="709" type="stmt" count="0"/>
        <line num="710" type="stmt" count="0"/>
        <line num="712" type="stmt" count="0"/>
        <line num="713" type="stmt" count="0"/>
        <line num="714" type="stmt" count="0"/>
        <line num="715" type="stmt" count="0"/>
        <line num="716" type="stmt" count="0"/>
        <line num="717" type="stmt" count="0"/>
        <line num="718" type="stmt" count="0"/>
        <line num="719" type="stmt" count="0"/>
        <line num="720" type="stmt" count="0"/>
        <line num="721" type="stmt" count="0"/>
        <line num="722" type="stmt" count="0"/>
        <line num="723" type="stmt" count="0"/>
        <line num="724" type="stmt" count="0"/>
        <line num="726" type="stmt" count="0"/>
        <line num="727" type="stmt" count="0"/>
        <line num="728" type="stmt" count="0"/>
        <line num="729" type="stmt" count="0"/>
        <line num="730" type="stmt" count="0"/>
        <line num="731" type="stmt" count="0"/>
        <line num="732" type="stmt" count="0"/>
        <line num="734" type="stmt" count="0"/>
        <line num="735" type="stmt" count="0"/>
        <line num="736" type="stmt" count="0"/>
        <line num="738" type="stmt" count="0"/>
        <line num="739" type="stmt" count="0"/>
        <line num="740" type="stmt" count="0"/>
        <line num="741" type="stmt" count="0"/>
        <line num="742" type="stmt" count="0"/>
        <line num="744" type="stmt" count="0"/>
        <line num="745" type="stmt" count="0"/>
        <line num="746" type="stmt" count="0"/>
        <line num="767" type="method" name="hostnames" crap="210" count="0"/>
        <line num="768" type="stmt" count="0"/>
        <line num="769" type="stmt" count="0"/>
        <line num="770" type="stmt" count="0"/>
        <line num="771" type="stmt" count="0"/>
        <line num="772" type="stmt" count="0"/>
        <line num="773" type="stmt" count="0"/>
        <line num="774" type="stmt" count="0"/>
        <line num="775" type="stmt" count="0"/>
        <line num="776" type="stmt" count="0"/>
        <line num="779" type="stmt" count="0"/>
        <line num="780" type="stmt" count="0"/>
        <line num="781" type="stmt" count="0"/>
        <line num="782" type="stmt" count="0"/>
        <line num="783" type="stmt" count="0"/>
        <line num="784" type="stmt" count="0"/>
        <line num="785" type="stmt" count="0"/>
        <line num="786" type="stmt" count="0"/>
        <line num="788" type="stmt" count="0"/>
        <line num="789" type="stmt" count="0"/>
        <line num="790" type="stmt" count="0"/>
        <line num="791" type="stmt" count="0"/>
        <line num="792" type="stmt" count="0"/>
        <line num="793" type="stmt" count="0"/>
        <line num="794" type="stmt" count="0"/>
        <line num="795" type="stmt" count="0"/>
        <line num="796" type="stmt" count="0"/>
        <line num="797" type="stmt" count="0"/>
        <line num="798" type="stmt" count="0"/>
        <line num="799" type="stmt" count="0"/>
        <line num="800" type="stmt" count="0"/>
        <line num="802" type="stmt" count="0"/>
        <line num="803" type="stmt" count="0"/>
        <line num="804" type="stmt" count="0"/>
        <line num="805" type="stmt" count="0"/>
        <line num="806" type="stmt" count="0"/>
        <line num="807" type="stmt" count="0"/>
        <line num="808" type="stmt" count="0"/>
        <line num="809" type="stmt" count="0"/>
        <line num="810" type="stmt" count="0"/>
        <line num="812" type="stmt" count="0"/>
        <line num="813" type="stmt" count="0"/>
        <line num="815" type="stmt" count="0"/>
        <line num="816" type="stmt" count="0"/>
        <line num="817" type="stmt" count="0"/>
        <line num="818" type="stmt" count="0"/>
        <line num="819" type="stmt" count="0"/>
        <line num="820" type="stmt" count="0"/>
        <line num="821" type="stmt" count="0"/>
        <line num="822" type="stmt" count="0"/>
        <line num="823" type="stmt" count="0"/>
        <line num="824" type="stmt" count="0"/>
        <line num="827" type="stmt" count="0"/>
        <line num="828" type="stmt" count="0"/>
        <line num="829" type="stmt" count="0"/>
        <line num="830" type="stmt" count="0"/>
        <line num="831" type="stmt" count="0"/>
        <line num="833" type="stmt" count="0"/>
        <line num="834" type="stmt" count="0"/>
        <line num="835" type="stmt" count="0"/>
        <line num="836" type="stmt" count="0"/>
        <line num="837" type="stmt" count="0"/>
        <line num="838" type="stmt" count="0"/>
        <line num="839" type="stmt" count="0"/>
        <line num="840" type="stmt" count="0"/>
        <line num="841" type="stmt" count="0"/>
        <line num="842" type="stmt" count="0"/>
        <line num="843" type="stmt" count="0"/>
        <line num="844" type="stmt" count="0"/>
        <line num="845" type="stmt" count="0"/>
        <line num="846" type="stmt" count="0"/>
        <line num="847" type="stmt" count="0"/>
        <line num="849" type="stmt" count="0"/>
        <line num="850" type="stmt" count="0"/>
        <line num="851" type="stmt" count="0"/>
        <line num="852" type="stmt" count="0"/>
        <line num="854" type="stmt" count="0"/>
        <line num="855" type="stmt" count="0"/>
        <line num="856" type="stmt" count="0"/>
        <line num="857" type="stmt" count="0"/>
        <line num="858" type="stmt" count="0"/>
        <line num="859" type="stmt" count="0"/>
        <line num="860" type="stmt" count="0"/>
        <line num="881" type="method" name="import" crap="30" count="0"/>
        <line num="882" type="stmt" count="0"/>
        <line num="883" type="stmt" count="0"/>
        <line num="885" type="stmt" count="0"/>
        <line num="886" type="stmt" count="0"/>
        <line num="888" type="stmt" count="0"/>
        <line num="889" type="stmt" count="0"/>
        <line num="890" type="stmt" count="0"/>
        <line num="891" type="stmt" count="0"/>
        <line num="892" type="stmt" count="0"/>
        <line num="894" type="stmt" count="0"/>
        <line num="895" type="stmt" count="0"/>
        <line num="896" type="stmt" count="0"/>
        <line num="898" type="stmt" count="0"/>
        <line num="899" type="stmt" count="0"/>
        <line num="901" type="stmt" count="0"/>
        <line num="902" type="stmt" count="0"/>
        <line num="903" type="stmt" count="0"/>
        <line num="904" type="stmt" count="0"/>
        <line num="908" type="stmt" count="0"/>
        <line num="909" type="stmt" count="0"/>
        <line num="910" type="stmt" count="0"/>
        <line num="911" type="stmt" count="0"/>
        <line num="912" type="stmt" count="0"/>
        <line num="913" type="stmt" count="0"/>
        <line num="915" type="stmt" count="0"/>
        <line num="916" type="stmt" count="0"/>
        <line num="917" type="stmt" count="0"/>
        <line num="930" type="method" name="info" crap="6" count="0"/>
        <line num="931" type="stmt" count="0"/>
        <line num="934" type="stmt" count="0"/>
        <line num="936" type="stmt" count="0"/>
        <line num="937" type="stmt" count="0"/>
        <line num="938" type="stmt" count="0"/>
        <line num="939" type="stmt" count="0"/>
        <line num="940" type="stmt" count="0"/>
        <line num="942" type="stmt" count="0"/>
        <line num="957" type="method" name="initEnv" crap="6" count="0"/>
        <line num="958" type="stmt" count="0"/>
        <line num="959" type="stmt" count="0"/>
        <line num="960" type="stmt" count="0"/>
        <line num="961" type="stmt" count="0"/>
        <line num="962" type="stmt" count="0"/>
        <line num="963" type="stmt" count="0"/>
        <line num="965" type="stmt" count="0"/>
        <line num="966" type="stmt" count="0"/>
        <line num="967" type="stmt" count="0"/>
        <line num="968" type="stmt" count="0"/>
        <line num="969" type="stmt" count="0"/>
        <line num="970" type="stmt" count="0"/>
        <line num="973" type="stmt" count="0"/>
        <line num="974" type="stmt" count="0"/>
        <line num="975" type="stmt" count="0"/>
        <line num="976" type="stmt" count="0"/>
        <line num="1000" type="method" name="lock" crap="56" count="0"/>
        <line num="1001" type="stmt" count="0"/>
        <line num="1002" type="stmt" count="0"/>
        <line num="1003" type="stmt" count="0"/>
        <line num="1004" type="stmt" count="0"/>
        <line num="1005" type="stmt" count="0"/>
        <line num="1007" type="stmt" count="0"/>
        <line num="1008" type="stmt" count="0"/>
        <line num="1009" type="stmt" count="0"/>
        <line num="1010" type="stmt" count="0"/>
        <line num="1011" type="stmt" count="0"/>
        <line num="1012" type="stmt" count="0"/>
        <line num="1013" type="stmt" count="0"/>
        <line num="1014" type="stmt" count="0"/>
        <line num="1015" type="stmt" count="0"/>
        <line num="1016" type="stmt" count="0"/>
        <line num="1017" type="stmt" count="0"/>
        <line num="1018" type="stmt" count="0"/>
        <line num="1019" type="stmt" count="0"/>
        <line num="1021" type="stmt" count="0"/>
        <line num="1022" type="stmt" count="0"/>
        <line num="1023" type="stmt" count="0"/>
        <line num="1024" type="stmt" count="0"/>
        <line num="1025" type="stmt" count="0"/>
        <line num="1026" type="stmt" count="0"/>
        <line num="1029" type="stmt" count="0"/>
        <line num="1031" type="stmt" count="0"/>
        <line num="1033" type="stmt" count="0"/>
        <line num="1034" type="stmt" count="0"/>
        <line num="1035" type="stmt" count="0"/>
        <line num="1036" type="stmt" count="0"/>
        <line num="1037" type="stmt" count="0"/>
        <line num="1038" type="stmt" count="0"/>
        <line num="1039" type="stmt" count="0"/>
        <line num="1040" type="stmt" count="0"/>
        <line num="1041" type="stmt" count="0"/>
        <line num="1042" type="stmt" count="0"/>
        <line num="1043" type="stmt" count="0"/>
        <line num="1044" type="stmt" count="0"/>
        <line num="1046" type="stmt" count="0"/>
        <line num="1047" type="stmt" count="0"/>
        <line num="1048" type="stmt" count="0"/>
        <line num="1049" type="stmt" count="0"/>
        <line num="1064" type="method" name="mergeFromDev" crap="2" count="0"/>
        <line num="1065" type="stmt" count="0"/>
        <line num="1067" type="stmt" count="0"/>
        <line num="1069" type="stmt" count="0"/>
        <line num="1070" type="stmt" count="0"/>
        <line num="1071" type="stmt" count="0"/>
        <line num="1072" type="stmt" count="0"/>
        <line num="1073" type="stmt" count="0"/>
        <line num="1074" type="stmt" count="0"/>
        <line num="1076" type="stmt" count="0"/>
        <line num="1078" type="stmt" count="0"/>
        <line num="1080" type="stmt" count="0"/>
        <line num="1081" type="stmt" count="0"/>
        <line num="1082" type="stmt" count="0"/>
        <line num="1084" type="stmt" count="0"/>
        <line num="1085" type="stmt" count="0"/>
        <line num="1086" type="stmt" count="0"/>
        <line num="1087" type="stmt" count="0"/>
        <line num="1102" type="method" name="mergeToDev" crap="2" count="0"/>
        <line num="1103" type="stmt" count="0"/>
        <line num="1105" type="stmt" count="0"/>
        <line num="1107" type="stmt" count="0"/>
        <line num="1108" type="stmt" count="0"/>
        <line num="1109" type="stmt" count="0"/>
        <line num="1110" type="stmt" count="0"/>
        <line num="1111" type="stmt" count="0"/>
        <line num="1112" type="stmt" count="0"/>
        <line num="1114" type="stmt" count="0"/>
        <line num="1115" type="stmt" count="0"/>
        <line num="1117" type="stmt" count="0"/>
        <line num="1118" type="stmt" count="0"/>
        <line num="1119" type="stmt" count="0"/>
        <line num="1121" type="stmt" count="0"/>
        <line num="1122" type="stmt" count="0"/>
        <line num="1124" type="stmt" count="0"/>
        <line num="1125" type="stmt" count="0"/>
        <line num="1126" type="stmt" count="0"/>
        <line num="1127" type="stmt" count="0"/>
        <line num="1128" type="stmt" count="0"/>
        <line num="1148" type="method" name="organizations" crap="110" count="0"/>
        <line num="1149" type="stmt" count="0"/>
        <line num="1150" type="stmt" count="0"/>
        <line num="1151" type="stmt" count="0"/>
        <line num="1153" type="stmt" count="0"/>
        <line num="1154" type="stmt" count="0"/>
        <line num="1156" type="stmt" count="0"/>
        <line num="1157" type="stmt" count="0"/>
        <line num="1159" type="stmt" count="0"/>
        <line num="1160" type="stmt" count="0"/>
        <line num="1161" type="stmt" count="0"/>
        <line num="1162" type="stmt" count="0"/>
        <line num="1163" type="stmt" count="0"/>
        <line num="1165" type="stmt" count="0"/>
        <line num="1166" type="stmt" count="0"/>
        <line num="1167" type="stmt" count="0"/>
        <line num="1168" type="stmt" count="0"/>
        <line num="1169" type="stmt" count="0"/>
        <line num="1170" type="stmt" count="0"/>
        <line num="1171" type="stmt" count="0"/>
        <line num="1172" type="stmt" count="0"/>
        <line num="1173" type="stmt" count="0"/>
        <line num="1175" type="stmt" count="0"/>
        <line num="1176" type="stmt" count="0"/>
        <line num="1177" type="stmt" count="0"/>
        <line num="1178" type="stmt" count="0"/>
        <line num="1179" type="stmt" count="0"/>
        <line num="1180" type="stmt" count="0"/>
        <line num="1181" type="stmt" count="0"/>
        <line num="1182" type="stmt" count="0"/>
        <line num="1183" type="stmt" count="0"/>
        <line num="1184" type="stmt" count="0"/>
        <line num="1185" type="stmt" count="0"/>
        <line num="1186" type="stmt" count="0"/>
        <line num="1187" type="stmt" count="0"/>
        <line num="1188" type="stmt" count="0"/>
        <line num="1189" type="stmt" count="0"/>
        <line num="1190" type="stmt" count="0"/>
        <line num="1191" type="stmt" count="0"/>
        <line num="1192" type="stmt" count="0"/>
        <line num="1194" type="stmt" count="0"/>
        <line num="1195" type="stmt" count="0"/>
        <line num="1196" type="stmt" count="0"/>
        <line num="1197" type="stmt" count="0"/>
        <line num="1198" type="stmt" count="0"/>
        <line num="1199" type="stmt" count="0"/>
        <line num="1200" type="stmt" count="0"/>
        <line num="1202" type="stmt" count="0"/>
        <line num="1203" type="stmt" count="0"/>
        <line num="1204" type="stmt" count="0"/>
        <line num="1205" type="stmt" count="0"/>
        <line num="1206" type="stmt" count="0"/>
        <line num="1207" type="stmt" count="0"/>
        <line num="1208" type="stmt" count="0"/>
        <line num="1209" type="stmt" count="0"/>
        <line num="1226" type="method" name="mount" crap="42" count="0"/>
        <line num="1227" type="stmt" count="0"/>
        <line num="1228" type="stmt" count="0"/>
        <line num="1229" type="stmt" count="0"/>
        <line num="1230" type="stmt" count="0"/>
        <line num="1232" type="stmt" count="0"/>
        <line num="1234" type="stmt" count="0"/>
        <line num="1235" type="stmt" count="0"/>
        <line num="1237" type="stmt" count="0"/>
        <line num="1238" type="stmt" count="0"/>
        <line num="1239" type="stmt" count="0"/>
        <line num="1240" type="stmt" count="0"/>
        <line num="1241" type="stmt" count="0"/>
        <line num="1242" type="stmt" count="0"/>
        <line num="1243" type="stmt" count="0"/>
        <line num="1244" type="stmt" count="0"/>
        <line num="1245" type="stmt" count="0"/>
        <line num="1246" type="stmt" count="0"/>
        <line num="1247" type="stmt" count="0"/>
        <line num="1248" type="stmt" count="0"/>
        <line num="1249" type="stmt" count="0"/>
        <line num="1250" type="stmt" count="0"/>
        <line num="1251" type="stmt" count="0"/>
        <line num="1252" type="stmt" count="0"/>
        <line num="1253" type="stmt" count="0"/>
        <line num="1254" type="stmt" count="0"/>
        <line num="1255" type="stmt" count="0"/>
        <line num="1257" type="stmt" count="0"/>
        <line num="1258" type="stmt" count="0"/>
        <line num="1259" type="stmt" count="0"/>
        <line num="1260" type="stmt" count="0"/>
        <line num="1261" type="stmt" count="0"/>
        <line num="1262" type="stmt" count="0"/>
        <line num="1263" type="stmt" count="0"/>
        <line num="1264" type="stmt" count="0"/>
        <line num="1265" type="stmt" count="0"/>
        <line num="1266" type="stmt" count="0"/>
        <line num="1278" type="method" name="newRelic" crap="6" count="0"/>
        <line num="1279" type="stmt" count="0"/>
        <line num="1280" type="stmt" count="0"/>
        <line num="1281" type="stmt" count="0"/>
        <line num="1282" type="stmt" count="0"/>
        <line num="1283" type="stmt" count="0"/>
        <line num="1284" type="stmt" count="0"/>
        <line num="1286" type="stmt" count="0"/>
        <line num="1298" type="method" name="owner" crap="2" count="0"/>
        <line num="1299" type="stmt" count="0"/>
        <line num="1300" type="stmt" count="0"/>
        <line num="1301" type="stmt" count="0"/>
        <line num="1323" type="method" name="redis" crap="156" count="0"/>
        <line num="1324" type="stmt" count="0"/>
        <line num="1325" type="stmt" count="0"/>
        <line num="1326" type="stmt" count="0"/>
        <line num="1327" type="stmt" count="0"/>
        <line num="1329" type="stmt" count="0"/>
        <line num="1330" type="stmt" count="0"/>
        <line num="1332" type="stmt" count="0"/>
        <line num="1333" type="stmt" count="0"/>
        <line num="1334" type="stmt" count="0"/>
        <line num="1335" type="stmt" count="0"/>
        <line num="1336" type="stmt" count="0"/>
        <line num="1337" type="stmt" count="0"/>
        <line num="1338" type="stmt" count="0"/>
        <line num="1339" type="stmt" count="0"/>
        <line num="1340" type="stmt" count="0"/>
        <line num="1341" type="stmt" count="0"/>
        <line num="1342" type="stmt" count="0"/>
        <line num="1343" type="stmt" count="0"/>
        <line num="1344" type="stmt" count="0"/>
        <line num="1345" type="stmt" count="0"/>
        <line num="1346" type="stmt" count="0"/>
        <line num="1347" type="stmt" count="0"/>
        <line num="1348" type="stmt" count="0"/>
        <line num="1350" type="stmt" count="0"/>
        <line num="1351" type="stmt" count="0"/>
        <line num="1352" type="stmt" count="0"/>
        <line num="1353" type="stmt" count="0"/>
        <line num="1354" type="stmt" count="0"/>
        <line num="1355" type="stmt" count="0"/>
        <line num="1357" type="stmt" count="0"/>
        <line num="1358" type="stmt" count="0"/>
        <line num="1359" type="stmt" count="0"/>
        <line num="1360" type="stmt" count="0"/>
        <line num="1361" type="stmt" count="0"/>
        <line num="1362" type="stmt" count="0"/>
        <line num="1363" type="stmt" count="0"/>
        <line num="1364" type="stmt" count="0"/>
        <line num="1365" type="stmt" count="0"/>
        <line num="1366" type="stmt" count="0"/>
        <line num="1367" type="method" name="anonymous function" crap="2" count="0"/>
        <line num="1368" type="stmt" count="0"/>
        <line num="1369" type="stmt" count="0"/>
        <line num="1371" type="stmt" count="0"/>
        <line num="1372" type="stmt" count="0"/>
        <line num="1373" type="stmt" count="0"/>
        <line num="1374" type="stmt" count="0"/>
        <line num="1375" type="stmt" count="0"/>
        <line num="1376" type="stmt" count="0"/>
        <line num="1377" type="stmt" count="0"/>
        <line num="1378" type="stmt" count="0"/>
        <line num="1379" type="stmt" count="0"/>
        <line num="1380" type="stmt" count="0"/>
        <line num="1381" type="stmt" count="0"/>
        <line num="1382" type="stmt" count="0"/>
        <line num="1383" type="stmt" count="0"/>
        <line num="1385" type="stmt" count="0"/>
        <line num="1403" type="method" name="setConnectionMode" crap="56" count="0"/>
        <line num="1404" type="stmt" count="0"/>
        <line num="1405" type="stmt" count="0"/>
        <line num="1406" type="stmt" count="0"/>
        <line num="1407" type="stmt" count="0"/>
        <line num="1408" type="stmt" count="0"/>
        <line num="1409" type="stmt" count="0"/>
        <line num="1410" type="stmt" count="0"/>
        <line num="1412" type="stmt" count="0"/>
        <line num="1413" type="stmt" count="0"/>
        <line num="1414" type="stmt" count="0"/>
        <line num="1415" type="stmt" count="0"/>
        <line num="1417" type="stmt" count="0"/>
        <line num="1418" type="stmt" count="0"/>
        <line num="1419" type="stmt" count="0"/>
        <line num="1420" type="stmt" count="0"/>
        <line num="1421" type="stmt" count="0"/>
        <line num="1423" type="stmt" count="0"/>
        <line num="1424" type="stmt" count="0"/>
        <line num="1426" type="stmt" count="0"/>
        <line num="1427" type="stmt" count="0"/>
        <line num="1428" type="stmt" count="0"/>
        <line num="1429" type="stmt" count="0"/>
        <line num="1431" type="stmt" count="0"/>
        <line num="1432" type="stmt" count="0"/>
        <line num="1434" type="stmt" count="0"/>
        <line num="1436" type="stmt" count="0"/>
        <line num="1437" type="stmt" count="0"/>
        <line num="1438" type="stmt" count="0"/>
        <line num="1439" type="stmt" count="0"/>
        <line num="1441" type="stmt" count="0"/>
        <line num="1443" type="stmt" count="0"/>
        <line num="1444" type="stmt" count="0"/>
        <line num="1445" type="stmt" count="0"/>
        <line num="1446" type="stmt" count="0"/>
        <line num="1447" type="stmt" count="0"/>
        <line num="1448" type="stmt" count="0"/>
        <line num="1450" type="stmt" count="0"/>
        <line num="1470" type="method" name="setInstrument" crap="30" count="0"/>
        <line num="1471" type="stmt" count="0"/>
        <line num="1472" type="stmt" count="0"/>
        <line num="1473" type="stmt" count="0"/>
        <line num="1474" type="stmt" count="0"/>
        <line num="1476" type="stmt" count="0"/>
        <line num="1477" type="stmt" count="0"/>
        <line num="1479" type="stmt" count="0"/>
        <line num="1480" type="stmt" count="0"/>
        <line num="1481" type="stmt" count="0"/>
        <line num="1484" type="stmt" count="0"/>
        <line num="1485" type="stmt" count="0"/>
        <line num="1486" type="stmt" count="0"/>
        <line num="1487" type="stmt" count="0"/>
        <line num="1488" type="stmt" count="0"/>
        <line num="1489" type="stmt" count="0"/>
        <line num="1490" type="stmt" count="0"/>
        <line num="1491" type="stmt" count="0"/>
        <line num="1493" type="stmt" count="0"/>
        <line num="1494" type="stmt" count="0"/>
        <line num="1495" type="stmt" count="0"/>
        <line num="1496" type="stmt" count="0"/>
        <line num="1497" type="stmt" count="0"/>
        <line num="1499" type="stmt" count="0"/>
        <line num="1500" type="stmt" count="0"/>
        <line num="1501" type="stmt" count="0"/>
        <line num="1516" type="method" name="setOwner" crap="2" count="0"/>
        <line num="1517" type="stmt" count="0"/>
        <line num="1518" type="stmt" count="0"/>
        <line num="1519" type="stmt" count="0"/>
        <line num="1520" type="stmt" count="0"/>
        <line num="1521" type="stmt" count="0"/>
        <line num="1522" type="stmt" count="0"/>
        <line num="1523" type="stmt" count="0"/>
        <line num="1538" type="method" name="setServiceLevel" crap="2" count="0"/>
        <line num="1539" type="stmt" count="0"/>
        <line num="1540" type="stmt" count="0"/>
        <line num="1541" type="stmt" count="0"/>
        <line num="1542" type="stmt" count="0"/>
        <line num="1543" type="stmt" count="0"/>
        <line num="1544" type="stmt" count="0"/>
        <line num="1559" type="method" name="solr" crap="42" count="0"/>
        <line num="1560" type="stmt" count="0"/>
        <line num="1561" type="stmt" count="0"/>
        <line num="1562" type="stmt" count="0"/>
        <line num="1563" type="stmt" count="0"/>
        <line num="1565" type="stmt" count="0"/>
        <line num="1566" type="stmt" count="0"/>
        <line num="1568" type="stmt" count="0"/>
        <line num="1569" type="stmt" count="0"/>
        <line num="1570" type="stmt" count="0"/>
        <line num="1571" type="stmt" count="0"/>
        <line num="1572" type="stmt" count="0"/>
        <line num="1573" type="stmt" count="0"/>
        <line num="1574" type="stmt" count="0"/>
        <line num="1575" type="stmt" count="0"/>
        <line num="1576" type="stmt" count="0"/>
        <line num="1577" type="stmt" count="0"/>
        <line num="1578" type="stmt" count="0"/>
        <line num="1579" type="stmt" count="0"/>
        <line num="1581" type="stmt" count="0"/>
        <line num="1602" type="method" name="tags" crap="110" count="0"/>
        <line num="1603" type="stmt" count="0"/>
        <line num="1604" type="stmt" count="0"/>
        <line num="1605" type="stmt" count="0"/>
        <line num="1607" type="stmt" count="0"/>
        <line num="1609" type="stmt" count="0"/>
        <line num="1610" type="stmt" count="0"/>
        <line num="1612" type="stmt" count="0"/>
        <line num="1613" type="stmt" count="0"/>
        <line num="1614" type="stmt" count="0"/>
        <line num="1616" type="stmt" count="0"/>
        <line num="1617" type="stmt" count="0"/>
        <line num="1620" type="stmt" count="0"/>
        <line num="1621" type="stmt" count="0"/>
        <line num="1622" type="stmt" count="0"/>
        <line num="1623" type="stmt" count="0"/>
        <line num="1624" type="stmt" count="0"/>
        <line num="1625" type="stmt" count="0"/>
        <line num="1627" type="stmt" count="0"/>
        <line num="1628" type="stmt" count="0"/>
        <line num="1629" type="stmt" count="0"/>
        <line num="1630" type="stmt" count="0"/>
        <line num="1632" type="stmt" count="0"/>
        <line num="1634" type="stmt" count="0"/>
        <line num="1635" type="stmt" count="0"/>
        <line num="1636" type="stmt" count="0"/>
        <line num="1637" type="stmt" count="0"/>
        <line num="1638" type="stmt" count="0"/>
        <line num="1639" type="stmt" count="0"/>
        <line num="1640" type="stmt" count="0"/>
        <line num="1641" type="stmt" count="0"/>
        <line num="1642" type="stmt" count="0"/>
        <line num="1643" type="stmt" count="0"/>
        <line num="1644" type="stmt" count="0"/>
        <line num="1645" type="stmt" count="0"/>
        <line num="1646" type="stmt" count="0"/>
        <line num="1647" type="stmt" count="0"/>
        <line num="1648" type="stmt" count="0"/>
        <line num="1650" type="stmt" count="0"/>
        <line num="1653" type="stmt" count="0"/>
        <line num="1654" type="stmt" count="0"/>
        <line num="1655" type="stmt" count="0"/>
        <line num="1656" type="stmt" count="0"/>
        <line num="1657" type="stmt" count="0"/>
        <line num="1658" type="stmt" count="0"/>
        <line num="1660" type="stmt" count="0"/>
        <line num="1661" type="stmt" count="0"/>
        <line num="1662" type="stmt" count="0"/>
        <line num="1663" type="stmt" count="0"/>
        <line num="1665" type="stmt" count="0"/>
        <line num="1667" type="stmt" count="0"/>
        <line num="1668" type="stmt" count="0"/>
        <line num="1669" type="stmt" count="0"/>
        <line num="1670" type="stmt" count="0"/>
        <line num="1671" type="stmt" count="0"/>
        <line num="1672" type="stmt" count="0"/>
        <line num="1673" type="stmt" count="0"/>
        <line num="1674" type="stmt" count="0"/>
        <line num="1675" type="stmt" count="0"/>
        <line num="1676" type="stmt" count="0"/>
        <line num="1677" type="stmt" count="0"/>
        <line num="1679" type="stmt" count="0"/>
        <line num="1700" type="method" name="team" crap="156" count="0"/>
        <line num="1701" type="stmt" count="0"/>
        <line num="1702" type="stmt" count="0"/>
        <line num="1703" type="stmt" count="0"/>
        <line num="1704" type="stmt" count="0"/>
        <line num="1705" type="stmt" count="0"/>
        <line num="1706" type="stmt" count="0"/>
        <line num="1707" type="stmt" count="0"/>
        <line num="1709" type="stmt" count="0"/>
        <line num="1710" type="stmt" count="0"/>
        <line num="1711" type="stmt" count="0"/>
        <line num="1712" type="stmt" count="0"/>
        <line num="1713" type="stmt" count="0"/>
        <line num="1715" type="stmt" count="0"/>
        <line num="1716" type="stmt" count="0"/>
        <line num="1717" type="stmt" count="0"/>
        <line num="1718" type="stmt" count="0"/>
        <line num="1719" type="stmt" count="0"/>
        <line num="1720" type="stmt" count="0"/>
        <line num="1721" type="stmt" count="0"/>
        <line num="1722" type="stmt" count="0"/>
        <line num="1723" type="stmt" count="0"/>
        <line num="1724" type="stmt" count="0"/>
        <line num="1725" type="stmt" count="0"/>
        <line num="1726" type="stmt" count="0"/>
        <line num="1727" type="stmt" count="0"/>
        <line num="1729" type="stmt" count="0"/>
        <line num="1730" type="stmt" count="0"/>
        <line num="1731" type="stmt" count="0"/>
        <line num="1732" type="stmt" count="0"/>
        <line num="1733" type="stmt" count="0"/>
        <line num="1734" type="stmt" count="0"/>
        <line num="1735" type="stmt" count="0"/>
        <line num="1736" type="stmt" count="0"/>
        <line num="1737" type="stmt" count="0"/>
        <line num="1738" type="stmt" count="0"/>
        <line num="1739" type="stmt" count="0"/>
        <line num="1740" type="stmt" count="0"/>
        <line num="1741" type="stmt" count="0"/>
        <line num="1743" type="stmt" count="0"/>
        <line num="1744" type="stmt" count="0"/>
        <line num="1746" type="stmt" count="0"/>
        <line num="1748" type="stmt" count="0"/>
        <line num="1749" type="stmt" count="0"/>
        <line num="1750" type="stmt" count="0"/>
        <line num="1751" type="stmt" count="0"/>
        <line num="1752" type="stmt" count="0"/>
        <line num="1753" type="stmt" count="0"/>
        <line num="1754" type="stmt" count="0"/>
        <line num="1755" type="stmt" count="0"/>
        <line num="1756" type="stmt" count="0"/>
        <line num="1757" type="stmt" count="0"/>
        <line num="1758" type="stmt" count="0"/>
        <line num="1760" type="stmt" count="0"/>
        <line num="1761" type="stmt" count="0"/>
        <line num="1762" type="stmt" count="0"/>
        <line num="1763" type="stmt" count="0"/>
        <line num="1764" type="stmt" count="0"/>
        <line num="1765" type="stmt" count="0"/>
        <line num="1766" type="stmt" count="0"/>
        <line num="1767" type="stmt" count="0"/>
        <line num="1779" type="method" name="upstreamInfo" crap="6" count="0"/>
        <line num="1780" type="stmt" count="0"/>
        <line num="1781" type="stmt" count="0"/>
        <line num="1782" type="stmt" count="0"/>
        <line num="1783" type="stmt" count="0"/>
        <line num="1784" type="stmt" count="0"/>
        <line num="1785" type="stmt" count="0"/>
        <line num="1786" type="stmt" count="0"/>
        <line num="1787" type="stmt" count="0"/>
        <line num="1788" type="stmt" count="0"/>
        <line num="1789" type="stmt" count="0"/>
        <line num="1790" type="stmt" count="0"/>
        <line num="1815" type="method" name="upstreamUpdates" crap="240" count="0"/>
        <line num="1816" type="stmt" count="0"/>
        <line num="1817" type="stmt" count="0"/>
        <line num="1818" type="stmt" count="0"/>
        <line num="1819" type="stmt" count="0"/>
        <line num="1820" type="stmt" count="0"/>
        <line num="1821" type="stmt" count="0"/>
        <line num="1822" type="stmt" count="0"/>
        <line num="1823" type="stmt" count="0"/>
        <line num="1826" type="stmt" count="0"/>
        <line num="1827" type="stmt" count="0"/>
        <line num="1828" type="stmt" count="0"/>
        <line num="1829" type="stmt" count="0"/>
        <line num="1830" type="stmt" count="0"/>
        <line num="1831" type="stmt" count="0"/>
        <line num="1832" type="stmt" count="0"/>
        <line num="1833" type="stmt" count="0"/>
        <line num="1835" type="stmt" count="0"/>
        <line num="1836" type="stmt" count="0"/>
        <line num="1837" type="stmt" count="0"/>
        <line num="1838" type="stmt" count="0"/>
        <line num="1839" type="stmt" count="0"/>
        <line num="1840" type="stmt" count="0"/>
        <line num="1841" type="stmt" count="0"/>
        <line num="1842" type="stmt" count="0"/>
        <line num="1843" type="stmt" count="0"/>
        <line num="1845" type="stmt" count="0"/>
        <line num="1846" type="stmt" count="0"/>
        <line num="1847" type="stmt" count="0"/>
        <line num="1848" type="stmt" count="0"/>
        <line num="1849" type="stmt" count="0"/>
        <line num="1850" type="stmt" count="0"/>
        <line num="1851" type="stmt" count="0"/>
        <line num="1853" type="stmt" count="0"/>
        <line num="1854" type="stmt" count="0"/>
        <line num="1855" type="stmt" count="0"/>
        <line num="1856" type="stmt" count="0"/>
        <line num="1857" type="stmt" count="0"/>
        <line num="1858" type="stmt" count="0"/>
        <line num="1859" type="stmt" count="0"/>
        <line num="1860" type="stmt" count="0"/>
        <line num="1861" type="stmt" count="0"/>
        <line num="1862" type="stmt" count="0"/>
        <line num="1863" type="stmt" count="0"/>
        <line num="1864" type="stmt" count="0"/>
        <line num="1865" type="stmt" count="0"/>
        <line num="1868" type="stmt" count="0"/>
        <line num="1869" type="stmt" count="0"/>
        <line num="1870" type="stmt" count="0"/>
        <line num="1872" type="stmt" count="0"/>
        <line num="1873" type="stmt" count="0"/>
        <line num="1874" type="stmt" count="0"/>
        <line num="1875" type="stmt" count="0"/>
        <line num="1876" type="stmt" count="0"/>
        <line num="1877" type="stmt" count="0"/>
        <line num="1879" type="stmt" count="0"/>
        <line num="1880" type="stmt" count="0"/>
        <line num="1882" type="stmt" count="0"/>
        <line num="1883" type="stmt" count="0"/>
        <line num="1884" type="stmt" count="0"/>
        <line num="1885" type="stmt" count="0"/>
        <line num="1887" type="stmt" count="0"/>
        <line num="1888" type="stmt" count="0"/>
        <line num="1889" type="stmt" count="0"/>
        <line num="1890" type="stmt" count="0"/>
        <line num="1891" type="stmt" count="0"/>
        <line num="1893" type="stmt" count="0"/>
        <line num="1895" type="stmt" count="0"/>
        <line num="1896" type="stmt" count="0"/>
        <line num="1897" type="stmt" count="0"/>
        <line num="1913" type="method" name="wake" crap="12" count="0"/>
        <line num="1914" type="stmt" count="0"/>
        <line num="1915" type="stmt" count="0"/>
        <line num="1916" type="stmt" count="0"/>
        <line num="1917" type="stmt" count="0"/>
        <line num="1918" type="stmt" count="0"/>
        <line num="1919" type="stmt" count="0"/>
        <line num="1921" type="stmt" count="0"/>
        <line num="1922" type="stmt" count="0"/>
        <line num="1923" type="stmt" count="0"/>
        <line num="1924" type="stmt" count="0"/>
        <line num="1925" type="stmt" count="0"/>
        <line num="1926" type="stmt" count="0"/>
        <line num="1927" type="stmt" count="0"/>
        <line num="1928" type="stmt" count="0"/>
        <line num="1930" type="stmt" count="0"/>
        <line num="1931" type="stmt" count="0"/>
        <line num="1944" type="method" name="wipe" crap="2" count="0"/>
        <line num="1945" type="stmt" count="0"/>
        <line num="1946" type="stmt" count="0"/>
        <line num="1947" type="stmt" count="0"/>
        <line num="1948" type="stmt" count="0"/>
        <line num="1950" type="stmt" count="0"/>
        <line num="1952" type="stmt" count="0"/>
        <line num="1953" type="stmt" count="0"/>
        <line num="1955" type="stmt" count="0"/>
        <line num="1957" type="stmt" count="0"/>
        <line num="1958" type="stmt" count="0"/>
        <line num="1959" type="stmt" count="0"/>
        <line num="1960" type="stmt" count="0"/>
        <line num="1962" type="stmt" count="0"/>
        <line num="1963" type="stmt" count="0"/>
        <line num="1964" type="stmt" count="0"/>
        <line num="1965" type="stmt" count="0"/>
        <line num="1966" type="stmt" count="0"/>
        <line num="1974" type="method" name="cancelBackupSchedule" crap="2" count="0"/>
        <line num="1975" type="stmt" count="0"/>
        <line num="1976" type="stmt" count="0"/>
        <line num="1977" type="stmt" count="0"/>
        <line num="1978" type="stmt" count="0"/>
        <line num="1979" type="stmt" count="0"/>
        <line num="1980" type="stmt" count="0"/>
        <line num="1981" type="stmt" count="0"/>
        <line num="1982" type="stmt" count="0"/>
        <line num="1983" type="stmt" count="0"/>
        <line num="1984" type="stmt" count="0"/>
        <line num="1985" type="stmt" count="0"/>
        <line num="1993" type="method" name="createBackup" crap="2" count="0"/>
        <line num="1994" type="stmt" count="0"/>
        <line num="1995" type="stmt" count="0"/>
        <line num="1996" type="stmt" count="0"/>
        <line num="1997" type="stmt" count="0"/>
        <line num="1998" type="stmt" count="0"/>
        <line num="1999" type="stmt" count="0"/>
        <line num="2000" type="stmt" count="0"/>
        <line num="2001" type="stmt" count="0"/>
        <line num="2003" type="stmt" count="0"/>
        <line num="2004" type="stmt" count="0"/>
        <line num="2006" type="stmt" count="0"/>
        <line num="2007" type="stmt" count="0"/>
        <line num="2008" type="stmt" count="0"/>
        <line num="2017" type="method" name="getBackup" crap="42" count="0"/>
        <line num="2018" type="stmt" count="0"/>
        <line num="2019" type="stmt" count="0"/>
        <line num="2020" type="stmt" count="0"/>
        <line num="2021" type="stmt" count="0"/>
        <line num="2022" type="stmt" count="0"/>
        <line num="2024" type="stmt" count="0"/>
        <line num="2025" type="stmt" count="0"/>
        <line num="2027" type="stmt" count="0"/>
        <line num="2028" type="stmt" count="0"/>
        <line num="2029" type="stmt" count="0"/>
        <line num="2030" type="stmt" count="0"/>
        <line num="2031" type="stmt" count="0"/>
        <line num="2032" type="stmt" count="0"/>
        <line num="2033" type="stmt" count="0"/>
        <line num="2034" type="stmt" count="0"/>
        <line num="2036" type="stmt" count="0"/>
        <line num="2037" type="stmt" count="0"/>
        <line num="2039" type="stmt" count="0"/>
        <line num="2040" type="stmt" count="0"/>
        <line num="2041" type="stmt" count="0"/>
        <line num="2043" type="stmt" count="0"/>
        <line num="2044" type="stmt" count="0"/>
        <line num="2045" type="stmt" count="0"/>
        <line num="2047" type="stmt" count="0"/>
        <line num="2048" type="stmt" count="0"/>
        <line num="2049" type="stmt" count="0"/>
        <line num="2050" type="stmt" count="0"/>
        <line num="2051" type="stmt" count="0"/>
        <line num="2052" type="stmt" count="0"/>
        <line num="2056" type="stmt" count="0"/>
        <line num="2058" type="stmt" count="0"/>
        <line num="2059" type="stmt" count="0"/>
        <line num="2060" type="stmt" count="0"/>
        <line num="2061" type="stmt" count="0"/>
        <line num="2062" type="stmt" count="0"/>
        <line num="2063" type="stmt" count="0"/>
        <line num="2064" type="stmt" count="0"/>
        <line num="2065" type="stmt" count="0"/>
        <line num="2066" type="stmt" count="0"/>
        <line num="2067" type="stmt" count="0"/>
        <line num="2069" type="stmt" count="0"/>
        <line num="2071" type="stmt" count="0"/>
        <line num="2072" type="stmt" count="0"/>
        <line num="2081" type="method" name="isOrgAccessible" crap="2" count="0"/>
        <line num="2082" type="stmt" count="0"/>
        <line num="2083" type="stmt" count="0"/>
        <line num="2084" type="stmt" count="0"/>
        <line num="2085" type="stmt" count="0"/>
        <line num="2097" type="method" name="listBackups" crap="42" count="0"/>
        <line num="2098" type="stmt" count="0"/>
        <line num="2099" type="stmt" count="0"/>
        <line num="2100" type="stmt" count="0"/>
        <line num="2101" type="stmt" count="0"/>
        <line num="2102" type="stmt" count="0"/>
        <line num="2103" type="stmt" count="0"/>
        <line num="2104" type="stmt" count="0"/>
        <line num="2105" type="stmt" count="0"/>
        <line num="2106" type="stmt" count="0"/>
        <line num="2107" type="stmt" count="0"/>
        <line num="2108" type="stmt" count="0"/>
        <line num="2109" type="stmt" count="0"/>
        <line num="2111" type="stmt" count="0"/>
        <line num="2112" type="stmt" count="0"/>
        <line num="2114" type="stmt" count="0"/>
        <line num="2115" type="stmt" count="0"/>
        <line num="2116" type="stmt" count="0"/>
        <line num="2117" type="stmt" count="0"/>
        <line num="2118" type="stmt" count="0"/>
        <line num="2119" type="stmt" count="0"/>
        <line num="2120" type="stmt" count="0"/>
        <line num="2121" type="stmt" count="0"/>
        <line num="2122" type="stmt" count="0"/>
        <line num="2123" type="stmt" count="0"/>
        <line num="2124" type="stmt" count="0"/>
        <line num="2125" type="stmt" count="0"/>
        <line num="2126" type="stmt" count="0"/>
        <line num="2127" type="stmt" count="0"/>
        <line num="2128" type="stmt" count="0"/>
        <line num="2130" type="stmt" count="0"/>
        <line num="2132" type="stmt" count="0"/>
        <line num="2134" type="stmt" count="0"/>
        <line num="2142" type="method" name="loadBackup" crap="56" count="0"/>
        <line num="2143" type="stmt" count="0"/>
        <line num="2144" type="stmt" count="0"/>
        <line num="2145" type="stmt" count="0"/>
        <line num="2146" type="stmt" count="0"/>
        <line num="2147" type="stmt" count="0"/>
        <line num="2148" type="stmt" count="0"/>
        <line num="2149" type="stmt" count="0"/>
        <line num="2150" type="stmt" count="0"/>
        <line num="2152" type="stmt" count="0"/>
        <line num="2153" type="stmt" count="0"/>
        <line num="2154" type="stmt" count="0"/>
        <line num="2155" type="stmt" count="0"/>
        <line num="2157" type="stmt" count="0"/>
        <line num="2158" type="stmt" count="0"/>
        <line num="2159" type="stmt" count="0"/>
        <line num="2160" type="stmt" count="0"/>
        <line num="2161" type="stmt" count="0"/>
        <line num="2162" type="stmt" count="0"/>
        <line num="2165" type="stmt" count="0"/>
        <line num="2166" type="stmt" count="0"/>
        <line num="2167" type="stmt" count="0"/>
        <line num="2169" type="stmt" count="0"/>
        <line num="2170" type="stmt" count="0"/>
        <line num="2172" type="stmt" count="0"/>
        <line num="2173" type="stmt" count="0"/>
        <line num="2175" type="stmt" count="0"/>
        <line num="2176" type="stmt" count="0"/>
        <line num="2177" type="stmt" count="0"/>
        <line num="2178" type="stmt" count="0"/>
        <line num="2179" type="stmt" count="0"/>
        <line num="2180" type="stmt" count="0"/>
        <line num="2182" type="stmt" count="0"/>
        <line num="2183" type="stmt" count="0"/>
        <line num="2186" type="stmt" count="0"/>
        <line num="2187" type="stmt" count="0"/>
        <line num="2188" type="stmt" count="0"/>
        <line num="2189" type="stmt" count="0"/>
        <line num="2190" type="stmt" count="0"/>
        <line num="2191" type="stmt" count="0"/>
        <line num="2192" type="stmt" count="0"/>
        <line num="2193" type="stmt" count="0"/>
        <line num="2195" type="stmt" count="0"/>
        <line num="2196" type="stmt" count="0"/>
        <line num="2198" type="stmt" count="0"/>
        <line num="2199" type="stmt" count="0"/>
        <line num="2200" type="stmt" count="0"/>
        <line num="2201" type="stmt" count="0"/>
        <line num="2203" type="stmt" count="0"/>
        <line num="2204" type="stmt" count="0"/>
        <line num="2205" type="stmt" count="0"/>
        <line num="2206" type="stmt" count="0"/>
        <line num="2207" type="stmt" count="0"/>
        <line num="2216" type="method" name="setBackupSchedule" crap="2" count="0"/>
        <line num="2217" type="stmt" count="0"/>
        <line num="2218" type="stmt" count="0"/>
        <line num="2219" type="stmt" count="0"/>
        <line num="2220" type="stmt" count="0"/>
        <line num="2221" type="stmt" count="0"/>
        <line num="2222" type="stmt" count="0"/>
        <line num="2223" type="stmt" count="0"/>
        <line num="2224" type="stmt" count="0"/>
        <line num="2225" type="stmt" count="0"/>
        <line num="2226" type="stmt" count="0"/>
        <line num="2227" type="stmt" count="0"/>
        <line num="2228" type="stmt" count="0"/>
        <line num="2236" type="method" name="showBackupSchedule" crap="6" count="0"/>
        <line num="2237" type="stmt" count="0"/>
        <line num="2238" type="stmt" count="0"/>
        <line num="2239" type="stmt" count="0"/>
        <line num="2240" type="stmt" count="0"/>
        <line num="2241" type="stmt" count="0"/>
        <line num="2242" type="stmt" count="0"/>
        <line num="2243" type="stmt" count="0"/>
        <line num="2244" type="stmt" count="0"/>
        <line num="2245" type="stmt" count="0"/>
        <line num="2246" type="stmt" count="0"/>
        <line num="2247" type="stmt" count="0"/>
        <line num="2249" type="stmt" count="0"/>
        <line num="2253" type="stmt" count="1"/>
        <metrics loc="2253" ncloc="1603" classes="1" methods="46" coveredmethods="0" conditionals="0" coveredconditionals="0" statements="1258" coveredstatements="2" elements="1304" coveredelements="2"/>
      </file>
      <file name="/Users/tesladethray/Pantheon/cli/php/Terminus/Commands/TerminusCommand.php">
        <class name="TerminusCommand" namespace="Terminus\Commands">
          <metrics methods="7" coveredmethods="0" conditionals="0" coveredconditionals="0" statements="22" coveredstatements="0" elements="29" coveredelements="0"/>
        </class>
        <line num="44" type="method" name="__construct" crap="6" count="0"/>
        <line num="46" type="stmt" count="0"/>
        <line num="47" type="stmt" count="0"/>
        <line num="48" type="stmt" count="0"/>
        <line num="49" type="stmt" count="0"/>
        <line num="50" type="stmt" count="0"/>
        <line num="51" type="stmt" count="0"/>
        <line num="52" type="stmt" count="0"/>
        <line num="53" type="stmt" count="0"/>
        <line num="54" type="stmt" count="0"/>
        <line num="65" type="method" name="failure" crap="2" count="0"/>
        <line num="70" type="stmt" count="0"/>
        <line num="78" type="method" name="log" crap="2" count="0"/>
        <line num="79" type="stmt" count="0"/>
        <line num="87" type="method" name="output" crap="2" count="0"/>
        <line num="88" type="stmt" count="0"/>
        <line num="97" type="method" name="setLogger" crap="2" count="0"/>
        <line num="98" type="stmt" count="0"/>
        <line num="99" type="stmt" count="0"/>
        <line num="107" type="method" name="setOutputter" crap="2" count="0"/>
        <line num="108" type="stmt" count="0"/>
        <line num="109" type="stmt" count="0"/>
        <line num="117" type="method" name="workflowOutput" crap="6" count="0"/>
        <line num="118" type="stmt" count="0"/>
        <line num="119" type="stmt" count="0"/>
        <line num="120" type="stmt" count="0"/>
        <line num="121" type="stmt" count="0"/>
        <line num="122" type="stmt" count="0"/>
        <line num="124" type="stmt" count="0"/>
        <metrics loc="126" ncloc="72" classes="1" methods="7" coveredmethods="0" conditionals="0" coveredconditionals="0" statements="22" coveredstatements="0" elements="29" coveredelements="0"/>
      </file>
    </package>
    <package name="Terminus">
      <file name="/Users/tesladethray/Pantheon/cli/php/Terminus/Configurator.php">
        <class name="Configurator" namespace="Terminus">
          <metrics methods="8" coveredmethods="0" conditionals="0" coveredconditionals="0" statements="68" coveredstatements="0" elements="76" coveredelements="0"/>
        </class>
        <line num="16" type="method" name="__construct" crap="6" count="0"/>
        <line num="17" type="stmt" count="0"/>
        <line num="20" type="stmt" count="0"/>
        <line num="21" type="stmt" count="0"/>
        <line num="22" type="stmt" count="0"/>
        <line num="23" type="stmt" count="0"/>
        <line num="24" type="stmt" count="0"/>
        <line num="25" type="stmt" count="0"/>
        <line num="27" type="stmt" count="0"/>
        <line num="28" type="stmt" count="0"/>
        <line num="29" type="stmt" count="0"/>
        <line num="30" type="stmt" count="0"/>
        <line num="31" type="stmt" count="0"/>
        <line num="39" type="method" name="extractAssoc" crap="42" count="0"/>
        <line num="40" type="stmt" count="0"/>
        <line num="42" type="stmt" count="0"/>
        <line num="43" type="stmt" count="0"/>
        <line num="44" type="stmt" count="0"/>
        <line num="45" type="stmt" count="0"/>
        <line num="46" type="stmt" count="0"/>
        <line num="47" type="stmt" count="0"/>
        <line num="48" type="stmt" count="0"/>
        <line num="49" type="stmt" count="0"/>
        <line num="50" type="stmt" count="0"/>
        <line num="51" type="stmt" count="0"/>
        <line num="52" type="stmt" count="0"/>
        <line num="54" type="stmt" count="0"/>
        <line num="56" type="stmt" count="0"/>
        <line num="57" type="stmt" count="0"/>
        <line num="65" type="method" name="getSpec" crap="2" count="0"/>
        <line num="66" type="stmt" count="0"/>
        <line num="75" type="method" name="mergeArray" crap="30" count="0"/>
        <line num="76" type="stmt" count="0"/>
        <line num="77" type="stmt" count="0"/>
        <line num="78" type="stmt" count="0"/>
        <line num="80" type="stmt" count="0"/>
        <line num="81" type="stmt" count="0"/>
        <line num="82" type="stmt" count="0"/>
        <line num="83" type="stmt" count="0"/>
        <line num="84" type="stmt" count="0"/>
        <line num="86" type="stmt" count="0"/>
        <line num="87" type="stmt" count="0"/>
        <line num="88" type="stmt" count="0"/>
        <line num="96" type="method" name="parseArgs" crap="2" count="0"/>
        <line num="97" type="stmt" count="0"/>
        <line num="98" type="stmt" count="0"/>
        <line num="99" type="stmt" count="0"/>
        <line num="100" type="stmt" count="0"/>
        <line num="108" type="method" name="toArray" crap="2" count="0"/>
        <line num="109" type="stmt" count="0"/>
        <line num="118" type="method" name="arrayify" crap="6" count="0"/>
        <line num="119" type="stmt" count="0"/>
        <line num="120" type="stmt" count="0"/>
        <line num="121" type="stmt" count="0"/>
        <line num="122" type="stmt" count="0"/>
        <line num="131" type="method" name="unmixAssocArgs" crap="42" count="0"/>
        <line num="132" type="stmt" count="0"/>
        <line num="134" type="stmt" count="0"/>
        <line num="135" type="stmt" count="0"/>
        <line num="137" type="stmt" count="0"/>
        <line num="138" type="stmt" count="0"/>
        <line num="140" type="stmt" count="0"/>
        <line num="141" type="stmt" count="0"/>
        <line num="142" type="stmt" count="0"/>
        <line num="143" type="stmt" count="0"/>
        <line num="144" type="stmt" count="0"/>
        <line num="145" type="stmt" count="0"/>
        <line num="146" type="stmt" count="0"/>
        <line num="148" type="stmt" count="0"/>
        <line num="149" type="stmt" count="0"/>
        <line num="150" type="stmt" count="0"/>
        <line num="151" type="stmt" count="0"/>
        <line num="153" type="stmt" count="0"/>
        <line num="154" type="stmt" count="0"/>
        <line num="156" type="stmt" count="0"/>
        <line num="158" type="stmt" count="0"/>
        <metrics loc="161" ncloc="116" classes="1" methods="8" coveredmethods="0" conditionals="0" coveredconditionals="0" statements="68" coveredstatements="0" elements="76" coveredelements="0"/>
      </file>
[...]
        <line num="816" type="stmt" count="0"/>
        <line num="817" type="stmt" count="0"/>
        <line num="818" type="stmt" count="0"/>
        <line num="820" type="stmt" count="0"/>
        <line num="821" type="stmt" count="0"/>
        <line num="822" type="stmt" count="0"/>
        <line num="824" type="stmt" count="0"/>
        <line num="825" type="stmt" count="0"/>
        <line num="826" type="stmt" count="0"/>
        <line num="828" type="stmt" count="0"/>
        <line num="829" type="stmt" count="0"/>
        <line num="830" type="stmt" count="0"/>
        <line num="832" type="stmt" count="0"/>
        <line num="833" type="stmt" count="0"/>
        <line num="834" type="stmt" count="0"/>
        <line num="836" type="stmt" count="0"/>
        <line num="837" type="stmt" count="0"/>
        <line num="838" type="stmt" count="0"/>
        <line num="840" type="stmt" count="0"/>
        <line num="841" type="stmt" count="0"/>
        <line num="842" type="stmt" count="0"/>
        <line num="844" type="stmt" count="0"/>
        <line num="845" type="stmt" count="0"/>
        <line num="846" type="stmt" count="0"/>
        <line num="848" type="stmt" count="0"/>
        <line num="849" type="stmt" count="0"/>
        <line num="850" type="stmt" count="0"/>
        <line num="851" type="stmt" count="0"/>
        <line num="853" type="stmt" count="0"/>
        <line num="861" type="method" name="buildAdapter" crap="2" count="0"/>
        <line num="864" type="stmt" count="0"/>
        <line num="865" type="stmt" count="0"/>
        <line num="866" type="stmt" count="0"/>
        <line num="867" type="stmt" count="0"/>
        <line num="868" type="stmt" count="0"/>
        <line num="869" type="stmt" count="0"/>
        <line num="870" type="stmt" count="0"/>
        <line num="871" type="stmt" count="0"/>
        <line num="872" type="stmt" count="0"/>
        <line num="873" type="stmt" count="0"/>
        <line num="874" type="stmt" count="0"/>
        <line num="875" type="stmt" count="0"/>
        <line num="876" type="stmt" count="0"/>
        <line num="877" type="stmt" count="0"/>
        <line num="878" type="stmt" count="0"/>
        <line num="886" type="method" name="anonymous function" crap="2" count="0"/>
        <line num="887" type="stmt" count="0"/>
        <line num="889" type="stmt" count="0"/>
        <line num="890" type="stmt" count="0"/>
        <line num="891" type="stmt" count="0"/>
        <line num="893" type="method" name="initDefaultAdapters" crap="6" count="0"/>
        <line num="895" type="stmt" count="0"/>
        <line num="896" type="stmt" count="0"/>
        <line num="897" type="stmt" count="0"/>
        <line num="898" type="stmt" count="0"/>
        <line num="899" type="stmt" count="0"/>
        <line num="900" type="stmt" count="0"/>
        <line num="901" type="stmt" count="0"/>
        <line num="903" type="stmt" count="0"/>
        <line num="904" type="stmt" count="0"/>
        <metrics loc="905" ncloc="517" classes="1" methods="35" coveredmethods="0" conditionals="0" coveredconditionals="0" statements="204" coveredstatements="0" elements="239" coveredelements="0"/>
      </file>
      <file name="/Users/tesladethray/Pantheon/cli/vendor/symfony/finder/SplFileInfo.php">
        <class name="SplFileInfo" namespace="Symfony\Component\Finder">
          <metrics methods="4" coveredmethods="0" conditionals="0" coveredconditionals="0" statements="13" coveredstatements="0" elements="17" coveredelements="0"/>
        </class>
        <line num="31" type="method" name="__construct" crap="2" count="0"/>
        <line num="33" type="stmt" count="0"/>
        <line num="34" type="stmt" count="0"/>
        <line num="35" type="stmt" count="0"/>
        <line num="36" type="stmt" count="0"/>
        <line num="43" type="method" name="getRelativePath" crap="2" count="0"/>
        <line num="45" type="stmt" count="0"/>
        <line num="53" type="method" name="getRelativePathname" crap="2" count="0"/>
        <line num="55" type="stmt" count="0"/>
        <line num="65" type="method" name="getContents" crap="6" count="0"/>
        <line num="67" type="stmt" count="0"/>
        <line num="68" type="stmt" count="0"/>
        <line num="69" type="stmt" count="0"/>
        <line num="70" type="stmt" count="0"/>
        <line num="71" type="stmt" count="0"/>
        <line num="72" type="stmt" count="0"/>
        <line num="75" type="stmt" count="0"/>
        <metrics loc="77" ncloc="40" classes="1" methods="4" coveredmethods="0" conditionals="0" coveredconditionals="0" statements="13" coveredstatements="0" elements="17" coveredelements="0"/>
      </file>
    </package>
    <package name="Symfony\Component\Finder\Iterator">
      <file name="/Users/tesladethray/Pantheon/cli/vendor/symfony/finder/Iterator/DateRangeFilterIterator.php">
        <class name="DateRangeFilterIterator" namespace="Symfony\Component\Finder\Iterator">
          <metrics methods="2" coveredmethods="0" conditionals="0" coveredconditionals="0" statements="12" coveredstatements="0" elements="14" coveredelements="0"/>
        </class>
        <line num="31" type="method" name="__construct" crap="2" count="0"/>
        <line num="33" type="stmt" count="0"/>
        <line num="35" type="stmt" count="0"/>
        <line num="36" type="stmt" count="0"/>
        <line num="43" type="method" name="accept" crap="20" count="0"/>
        <line num="45" type="stmt" count="0"/>
        <line num="47" type="stmt" count="0"/>
        <line num="48" type="stmt" count="0"/>
        <line num="51" type="stmt" count="0"/>
        <line num="52" type="stmt" count="0"/>
        <line num="53" type="stmt" count="0"/>
        <line num="54" type="stmt" count="0"/>
        <line num="56" type="stmt" count="0"/>
        <line num="58" type="stmt" count="0"/>
        <metrics loc="60" ncloc="36" classes="1" methods="2" coveredmethods="0" conditionals="0" coveredconditionals="0" statements="12" coveredstatements="0" elements="14" coveredelements="0"/>
      </file>
      <file name="/Users/tesladethray/Pantheon/cli/vendor/symfony/finder/Iterator/ExcludeDirectoryFilterIterator.php">
        <class name="ExcludeDirectoryFilterIterator" namespace="Symfony\Component\Finder\Iterator">
          <metrics methods="4" coveredmethods="0" conditionals="0" coveredconditionals="0" statements="26" coveredstatements="0" elements="30" coveredelements="0"/>
        </class>
        <line num="32" type="method" name="__construct" crap="30" count="0"/>
        <line num="34" type="stmt" count="0"/>
        <line num="35" type="stmt" count="0"/>
        <line num="36" type="stmt" count="0"/>
        <line num="37" type="stmt" count="0"/>
        <line num="38" type="stmt" count="0"/>
        <line num="39" type="stmt" count="0"/>
        <line num="40" type="stmt" count="0"/>
        <line num="41" type="stmt" count="0"/>
        <line num="43" type="stmt" count="0"/>
        <line num="44" type="stmt" count="0"/>
        <line num="45" type="stmt" count="0"/>
        <line num="46" type="stmt" count="0"/>
        <line num="48" type="stmt" count="0"/>
        <line num="49" type="stmt" count="0"/>
        <line num="56" type="method" name="accept" crap="42" count="0"/>
        <line num="58" type="stmt" count="0"/>
        <line num="59" type="stmt" count="0"/>
        <line num="62" type="stmt" count="0"/>
        <line num="63" type="stmt" count="0"/>
        <line num="64" type="stmt" count="0"/>
        <line num="66" type="stmt" count="0"/>
        <line num="69" type="stmt" count="0"/>
        <line num="72" type="method" name="hasChildren" crap="6" count="0"/>
        <line num="74" type="stmt" count="0"/>
        <line num="77" type="method" name="getChildren" crap="2" count="0"/>
        <line num="79" type="stmt" count="0"/>
        <line num="80" type="stmt" count="0"/>
        <line num="81" type="stmt" count="0"/>
        <line num="83" type="stmt" count="0"/>
        <metrics loc="85" ncloc="61" classes="1" methods="4" coveredmethods="0" conditionals="0" coveredconditionals="0" statements="26" coveredstatements="0" elements="30" coveredelements="0"/>
      </file>
      <file name="/Users/tesladethray/Pantheon/cli/vendor/symfony/finder/Iterator/FileTypeFilterIterator.php">
        <class name="FileTypeFilterIterator" namespace="Symfony\Component\Finder\Iterator">
          <metrics methods="2" coveredmethods="0" conditionals="0" coveredconditionals="0" statements="9" coveredstatements="0" elements="11" coveredelements="0"/>
        </class>
        <line num="32" type="method" name="__construct" crap="2" count="0"/>
        <line num="34" type="stmt" count="0"/>
        <line num="36" type="stmt" count="0"/>
        <line num="37" type="stmt" count="0"/>
        <line num="44" type="method" name="accept" crap="30" count="0"/>
        <line num="46" type="stmt" count="0"/>
        <line num="47" type="stmt" count="0"/>
        <line num="48" type="stmt" count="0"/>
        <line num="49" type="stmt" count="0"/>
        <line num="50" type="stmt" count="0"/>
        <line num="53" type="stmt" count="0"/>
        <metrics loc="55" ncloc="31" classes="1" methods="2" coveredmethods="0" conditionals="0" coveredconditionals="0" statements="9" coveredstatements="0" elements="11" coveredelements="0"/>
      </file>
      <file name="/Users/tesladethray/Pantheon/cli/vendor/symfony/finder/Iterator/FilterIterator.php">
        <class name="FilterIterator" namespace="Symfony\Component\Finder\Iterator">
          <metrics methods="1" coveredmethods="0" conditionals="0" coveredconditionals="0" statements="16" coveredstatements="0" elements="17" coveredelements="0"/>
        </class>
        <line num="29" type="method" name="rewind" crap="30" count="0"/>
        <line num="31" type="stmt" count="0"/>
        <line num="32" type="stmt" count="0"/>
        <line num="33" type="stmt" count="0"/>
        <line num="35" type="stmt" count="0"/>
        <line num="36" type="stmt" count="0"/>
        <line num="37" type="stmt" count="0"/>
        <line num="38" type="stmt" count="0"/>
        <line num="39" type="stmt" count="0"/>
        <line num="40" type="stmt" count="0"/>
        <line num="41" type="stmt" count="0"/>
        <line num="42" type="stmt" count="0"/>
        <line num="43" type="stmt" count="0"/>
        <line num="44" type="stmt" count="0"/>
        <line num="45" type="stmt" count="0"/>
        <line num="47" type="stmt" count="0"/>
        <line num="48" type="stmt" count="0"/>
        <metrics loc="49" ncloc="28" classes="1" methods="1" coveredmethods="0" conditionals="0" coveredconditionals="0" statements="16" coveredstatements="0" elements="17" coveredelements="0"/>
      </file>
      <file name="/Users/tesladethray/Pantheon/cli/vendor/symfony/finder/Iterator/MultiplePcreFilterIterator.php">
        <class name="MultiplePcreFilterIterator" namespace="Symfony\Component\Finder\Iterator">
          <metrics methods="3" coveredmethods="0" conditionals="0" coveredconditionals="0" statements="30" coveredstatements="0" elements="33" coveredelements="0"/>
        </class>
        <line num="31" type="method" name="__construct" crap="12" count="0"/>
        <line num="33" type="stmt" count="0"/>
        <line num="34" type="stmt" count="0"/>
        <line num="35" type="stmt" count="0"/>
        <line num="37" type="stmt" count="0"/>
        <line num="38" type="stmt" count="0"/>
        <line num="39" type="stmt" count="0"/>
        <line num="41" type="stmt" count="0"/>
        <line num="42" type="stmt" count="0"/>
        <line num="55" type="method" name="isAccepted" crap="42" count="0"/>
        <line num="58" type="stmt" count="0"/>
        <line num="59" type="stmt" count="0"/>
        <line num="60" type="stmt" count="0"/>
        <line num="62" type="stmt" count="0"/>
        <line num="65" type="stmt" count="0"/>
        <line num="66" type="stmt" count="0"/>
        <line num="67" type="stmt" count="0"/>
        <line num="68" type="stmt" count="0"/>
        <line num="70" type="stmt" count="0"/>
        <line num="72" type="stmt" count="0"/>
        <line num="76" type="stmt" count="0"/>
        <line num="86" type="method" name="isRegex" crap="42" count="0"/>
        <line num="88" type="stmt" count="0"/>
        <line num="89" type="stmt" count="0"/>
        <line num="90" type="stmt" count="0"/>
        <line num="92" type="stmt" count="0"/>
        <line num="93" type="stmt" count="0"/>
        <line num="96" type="stmt" count="0"/>
        <line num="97" type="stmt" count="0"/>
        <line num="98" type="stmt" count="0"/>
        <line num="100" type="stmt" count="0"/>
        <line num="101" type="stmt" count="0"/>
        <line num="103" type="stmt" count="0"/>
        <metrics loc="114" ncloc="63" classes="1" methods="3" coveredmethods="0" conditionals="0" coveredconditionals="0" statements="30" coveredstatements="0" elements="33" coveredelements="0"/>
      </file>
      <file name="/Users/tesladethray/Pantheon/cli/vendor/symfony/finder/Iterator/PathFilterIterator.php">
        <class name="PathFilterIterator" namespace="Symfony\Component\Finder\Iterator">
          <metrics methods="2" coveredmethods="0" conditionals="0" coveredconditionals="0" statements="6" coveredstatements="0" elements="8" coveredelements="0"/>
        </class>
        <line num="27" type="method" name="accept" crap="6" count="0"/>
        <line num="29" type="stmt" count="0"/>
        <line num="31" type="stmt" count="0"/>
        <line num="32" type="stmt" count="0"/>
        <line num="33" type="stmt" count="0"/>
        <line num="35" type="stmt" count="0"/>
        <line num="52" type="method" name="toRegex" crap="6" count="0"/>
        <line num="54" type="stmt" count="0"/>
        <metrics loc="56" ncloc="23" classes="1" methods="2" coveredmethods="0" conditionals="0" coveredconditionals="0" statements="6" coveredstatements="0" elements="8" coveredelements="0"/>
      </file>
      <file name="/Users/tesladethray/Pantheon/cli/vendor/symfony/finder/Iterator/RecursiveDirectoryIterator.php">
        <class name="RecursiveDirectoryIterator" namespace="Symfony\Component\Finder\Iterator">
          <metrics methods="5" coveredmethods="0" conditionals="0" coveredconditionals="0" statements="42" coveredstatements="0" elements="47" coveredelements="0"/>
        </class>
        <line num="48" type="method" name="__construct" crap="20" count="0"/>
        <line num="50" type="stmt" count="0"/>
        <line num="51" type="stmt" count="0"/>
        <line num="54" type="stmt" count="0"/>
        <line num="55" type="stmt" count="0"/>
        <line num="56" type="stmt" count="0"/>
        <line num="57" type="stmt" count="0"/>
        <line num="58" type="stmt" count="0"/>
        <line num="59" type="stmt" count="0"/>
        <line num="60" type="stmt" count="0"/>
        <line num="67" type="method" name="current" crap="12" count="0"/>
        <line num="71" type="stmt" count="0"/>
        <line num="72" type="stmt" count="0"/>
        <line num="73" type="stmt" count="0"/>
        <line num="74" type="stmt" count="0"/>
        <line num="75" type="stmt" count="0"/>
        <line num="76" type="stmt" count="0"/>
        <line num="77" type="stmt" count="0"/>
        <line num="79" type="stmt" count="0"/>
        <line num="87" type="method" name="getChildren" crap="20" count="0"/>
        <line num="90" type="stmt" count="0"/>
        <line num="92" type="stmt" count="0"/>
        <line num="94" type="stmt" count="0"/>
        <line num="97" type="stmt" count="0"/>
        <line num="98" type="stmt" count="0"/>
        <line num="99" type="stmt" count="0"/>
        <line num="101" type="stmt" count="0"/>
        <line num="102" type="stmt" count="0"/>
        <line num="103" type="stmt" count="0"/>
        <line num="105" type="stmt" count="0"/>
        <line num="107" type="stmt" count="0"/>
        <line num="115" type="method" name="rewind" crap="6" count="0"/>
        <line num="117" type="stmt" count="0"/>
        <line num="118" type="stmt" count="0"/>
        <line num="122" type="stmt" count="0"/>
        <line num="124" type="stmt" count="0"/>
        <line num="125" type="stmt" count="0"/>
        <line num="132" type="method" name="isRewindable" crap="20" count="0"/>
        <line num="134" type="stmt" count="0"/>
        <line num="135" type="stmt" count="0"/>
        <line num="138" type="stmt" count="0"/>
        <line num="139" type="stmt" count="0"/>
        <line num="140" type="stmt" count="0"/>
        <line num="142" type="stmt" count="0"/>
        <line num="143" type="stmt" count="0"/>
        <line num="145" type="stmt" count="0"/>
        <line num="147" type="stmt" count="0"/>
        <metrics loc="149" ncloc="91" classes="1" methods="5" coveredmethods="0" conditionals="0" coveredconditionals="0" statements="42" coveredstatements="0" elements="47" coveredelements="0"/>
      </file>
      <file name="/Users/tesladethray/Pantheon/cli/vendor/symfony/finder/Iterator/SortableIterator.php">
        <class name="SortableIterator" namespace="Symfony\Component\Finder\Iterator">
          <metrics methods="3" coveredmethods="0" conditionals="0" coveredconditionals="0" statements="18" coveredstatements="0" elements="21" coveredelements="0"/>
        </class>
        <line num="38" type="method" name="__construct" crap="132" count="0"/>
        <line num="40" type="stmt" count="0"/>
        <line num="42" type="stmt" count="0"/>
        <line num="44" type="stmt" count="0"/>
        <line num="46" type="stmt" count="0"/>
        <line num="48" type="stmt" count="0"/>
        <line num="49" type="stmt" count="0"/>
        <line num="50" type="stmt" count="0"/>
        <line num="51" type="stmt" count="0"/>
        <line num="54" type="stmt" count="0"/>
        <line num="56" type="stmt" count="0"/>
        <line num="58" type="stmt" count="0"/>
        <line num="60" type="stmt" count="0"/>
        <line num="62" type="stmt" count="0"/>
        <line num="64" type="stmt" count="0"/>
        <line num="65" type="method" name="anonymous function" crap="2" count="0"/>
        <line num="66" type="stmt" count="0"/>
        <line num="68" type="stmt" count="0"/>
        <line num="69" type="stmt" count="0"/>
        <line num="70" type="stmt" count="0"/>
        <line num="71" type="stmt" count="0"/>
        <line num="73" type="stmt" count="0"/>
        <line num="75" type="method" name="getIterator" crap="2" count="0"/>
        <line num="77" type="stmt" count="0"/>
        <line num="78" type="stmt" count="0"/>
        <line num="80" type="stmt" count="0"/>
        <metrics loc="82" ncloc="61" classes="1" methods="3" coveredmethods="0" conditionals="0" coveredconditionals="0" statements="23" coveredstatements="0" elements="26" coveredelements="0"/>
      </file>
    </package>
    <file name="/Users/tesladethray/Pantheon/cli/vendor/symfony/polyfill-mbstring/bootstrap.php">
      <metrics loc="51" ncloc="43" classes="0" methods="0" coveredmethods="0" conditionals="0" coveredconditionals="0" statements="0" coveredstatements="0" elements="0" coveredelements="0"/>
    </file>
    <file name="/Users/tesladethray/Pantheon/cli/vendor/symfony/var-dumper/Resources/functions/dump.php">
      <line num="20" type="stmt" count="0"/>
      <line num="21" type="stmt" count="0"/>
      <line num="22" type="stmt" count="0"/>
      <line num="23" type="stmt" count="0"/>
      <metrics loc="24" ncloc="13" classes="0" methods="0" coveredmethods="0" conditionals="0" coveredconditionals="0" statements="4" coveredstatements="0" elements="4" coveredelements="0"/>
    </file>
    <metrics files="124" loc="25606" ncloc="15974" classes="103" methods="913" coveredmethods="177" conditionals="0" coveredconditionals="0" statements="8337" coveredstatements="1718" elements="9250" coveredelements="1895"/>
  </project>
</coverage>
